<?xml version="1.0" encoding="UTF-8"?>
<testsuite name="run on firefox"
           tests="13"
           failures="1"
           errors="0"
           skipped="2"
           time="162.705">
  <properties />
            <testcase name="Employee_01_Add_New_Employee" time="32.152" classname="com.hrm.employee.Level_19_Live_Coding">
                <failure type="org.openqa.selenium.TimeoutException"
                  message="Expected condition failed: waiting for visibility of element located by By.xpath: //input[@id=&apos;user_name&apos;] (tried for 20 second(s) with 500 milliseconds interval)
Build info: version: &apos;3.141.59&apos;, revision: &apos;e82be7d358&apos;, time: &apos;2018-11-14T08:25:53&apos;
System info: host: &apos;NGOC-THY-PC&apos;, ip: &apos;192.168.1.18&apos;, os.name: &apos;Windows 7&apos;, os.arch: &apos;amd64&apos;, os.version: &apos;6.1&apos;, java.version: &apos;1.8.0_60&apos;
Driver info: org.openqa.selenium.firefox.FirefoxDriver
Capabilities {acceptInsecureCerts: true, browserName: firefox, browserVersion: 88.0.1, javascriptEnabled: true, moz:accessibilityChecks: false, moz:buildID: 20210504152106, moz:geckodriverVersion: 0.29.0, moz:headless: false, moz:processID: 2908, moz:profile: C:\Users\NGOC-THY\AppData\L..., moz:shutdownTimeout: 60000, moz:useNonSpecCompliantPointerOrigin: false, moz:webdriverClick: true, pageLoadStrategy: normal, platform: WINDOWS, platformName: WINDOWS, platformVersion: 6.1, rotatable: false, setWindowRect: true, strictFileInteractability: false, timeouts: {implicit: 0, pageLoad: 300000, script: 30000}, unhandledPromptBehavior: dismiss and notify}
Session ID: dc31a000-beef-44f5-bf15-e60523b5462a"
              >
<![CDATA[org.openqa.selenium.TimeoutException: Expected condition failed: waiting for visibility of element located by By.xpath: //input[@id='user_name'] (tried for 20 second(s) with 500 milliseconds interval)
Build info: version: '3.141.59', revision: 'e82be7d358', time: '2018-11-14T08:25:53'
System info: host: 'NGOC-THY-PC', ip: '192.168.1.18', os.name: 'Windows 7', os.arch: 'amd64', os.version: '6.1', java.version: '1.8.0_60'
Driver info: org.openqa.selenium.firefox.FirefoxDriver
Capabilities {acceptInsecureCerts: true, browserName: firefox, browserVersion: 88.0.1, javascriptEnabled: true, moz:accessibilityChecks: false, moz:buildID: 20210504152106, moz:geckodriverVersion: 0.29.0, moz:headless: false, moz:processID: 2908, moz:profile: C:\Users\NGOC-THY\AppData\L..., moz:shutdownTimeout: 60000, moz:useNonSpecCompliantPointerOrigin: false, moz:webdriverClick: true, pageLoadStrategy: normal, platform: WINDOWS, platformName: WINDOWS, platformVersion: 6.1, rotatable: false, setWindowRect: true, strictFileInteractability: false, timeouts: {implicit: 0, pageLoad: 300000, script: 30000}, unhandledPromptBehavior: dismiss and notify}
Session ID: dc31a000-beef-44f5-bf15-e60523b5462a
  org.openqa.selenium.support.ui.WebDriverWait.timeoutException(WebDriverWait.java:95)
  org.openqa.selenium.support.ui.FluentWait.until(FluentWait.java:272)
  commons.BasePage.waitForElementVisible(BasePage.java:457)
  commons.BasePage.enterToTextboxById(BasePage.java:564)
  com.hrm.employee.Level_19_Live_Coding.Employee_01_Add_New_Employee(Level_19_Live_Coding.java:107)
  sun.reflect.NativeMethodAccessorImpl.invoke0(Native Method)
  sun.reflect.NativeMethodAccessorImpl.invoke(NativeMethodAccessorImpl.java:62)
  sun.reflect.DelegatingMethodAccessorImpl.invoke(DelegatingMethodAccessorImpl.java:43)
  java.lang.reflect.Method.invoke(Method.java:497)
  org.testng.internal.MethodInvocationHelper.invokeMethod(MethodInvocationHelper.java:86)
  org.testng.internal.Invoker.invokeMethod(Invoker.java:643)
  org.testng.internal.Invoker.retryFailed(Invoker.java:967)
  org.testng.internal.Invoker.invokeTestMethods(Invoker.java:1146)
  org.testng.internal.TestMethodWorker.invokeTestMethods(TestMethodWorker.java:129)
  org.testng.internal.TestMethodWorker.run(TestMethodWorker.java:112)
  org.testng.TestRunner.privateRun(TestRunner.java:782)
  org.testng.TestRunner.run(TestRunner.java:632)
  org.testng.SuiteRunner.runTest(SuiteRunner.java:366)
  org.testng.SuiteRunner.access$000(SuiteRunner.java:39)
  org.testng.SuiteRunner$SuiteWorker.run(SuiteRunner.java:400)
  org.testng.internal.thread.ThreadUtil$2.call(ThreadUtil.java:64)
  java.util.concurrent.FutureTask.run(FutureTask.java:266)
  java.util.concurrent.ThreadPoolExecutor.runWorker(ThreadPoolExecutor.java:1142)
  java.util.concurrent.ThreadPoolExecutor$Worker.run(ThreadPoolExecutor.java:617)
  java.lang.Thread.run(Thread.java:745)
]]>
      </failure>

          </testcase>
  
            <testcase name="Employee_01_Add_New_Employee" time="0.0" classname="com.hrm.employee.Level_19_Live_Coding">
          <skipped />
    </testcase>
            <testcase name="Employee_01_Add_New_Employee" time="0.0" classname="com.hrm.employee.Level_19_Live_Coding">
          <skipped />
    </testcase>
  
            <testcase name="Employee_08_Edit_View_Salary" time="0.007" classname="com.hrm.employee.Level_19_Live_Coding" />
                <testcase name="Employee_03_Personal_Details" time="19.502" classname="com.hrm.employee.Level_19_Live_Coding" />
                <testcase name="Employee_04_Contact_Details" time="0.007" classname="com.hrm.employee.Level_19_Live_Coding" />
                <testcase name="Employee_02_Upload_Avatar" time="11.874" classname="com.hrm.employee.Level_19_Live_Coding" />
                <testcase name="Employee_10_Qualification" time="0.014" classname="com.hrm.employee.Level_19_Live_Coding" />
                <testcase name="Employee_11_Search_Employee" time="0.017" classname="com.hrm.employee.Level_19_Live_Coding" />
                <testcase name="Employee_06_Assigned_Dependent" time="0.005" classname="com.hrm.employee.Level_19_Live_Coding" />
                <testcase name="Employee_05_Emergency_Details" time="0.006" classname="com.hrm.employee.Level_19_Live_Coding" />
                <testcase name="Employee_09_Edit_View_Tax" time="0.018" classname="com.hrm.employee.Level_19_Live_Coding" />
                <testcase name="Employee_07_Edit_View_Job" time="0.016" classname="com.hrm.employee.Level_19_Live_Coding" />
      
</testsuite>
