<?xml version="1.0" encoding="UTF-8"?>
<testng-results ignored="0" total="3" passed="2" failed="1" skipped="0">
  <reporter-output>
    <line>
      <![CDATA[<br><a target="_blank" href="file:///F:\ThyTTN\Selenium\03_Java Hybrid Framework\hybrid-pom-notcommerce\ReportNGScreenShots\TC_01_Register_16_08_2021_07_33_40.png"><img src="file:///F:\ThyTTN\Selenium\03_Java Hybrid Framework\hybrid-pom-notcommerce\ReportNGScreenShots\TC_01_Register_16_08_2021_07_33_40.png" height='100' width='150'/> </a></br>]]>
    </line>
  </reporter-output>
  <suite started-at="2021-08-16T00:33:07Z" name="User NopCommerce" finished-at="2021-08-16T00:33:53Z" duration-ms="46384">
    <groups>
    </groups>
    <test started-at="2021-08-16T00:33:07Z" name="run on firefox" finished-at="2021-08-16T00:33:53Z" duration-ms="46384">
      <class name="takeScreenshot.Level_16_Register_Login_Screenshot_ExtentReportV2">
        <test-method is-config="true" signature="deleteAllFilesInReportNGScreenshot()[pri:0, instance:takeScreenshot.Level_16_Register_Login_Screenshot_ExtentReportV2@16b2bb0c]" started-at="2021-08-16T00:33:07Z" name="deleteAllFilesInReportNGScreenshot" finished-at="2021-08-16T00:33:07Z" duration-ms="12" status="PASS">
          <reporter-output>
          </reporter-output>
        </test-method> <!-- deleteAllFilesInReportNGScreenshot -->
        <test-method is-config="true" signature="beforeTest()[pri:0, instance:takeScreenshot.Level_16_Register_Login_Screenshot_ExtentReportV2@16b2bb0c]" started-at="2021-08-16T00:33:07Z" name="beforeTest" finished-at="2021-08-16T00:33:31Z" depends-on-methods="commons.BaseTest.deleteAllFilesInReportNGScreenshot" duration-ms="24003" status="PASS">
          <reporter-output>
          </reporter-output>
        </test-method> <!-- beforeTest -->
        <test-method signature="TC_01_Register(java.lang.reflect.Method)[pri:0, instance:takeScreenshot.Level_16_Register_Login_Screenshot_ExtentReportV2@16b2bb0c]" started-at="2021-08-16T00:33:31Z" name="TC_01_Register" finished-at="2021-08-16T00:33:40Z" duration-ms="8940" status="FAIL">
          <params>
            <param index="0">
              <value>
                <![CDATA[public void takeScreenshot.Level_16_Register_Login_Screenshot_ExtentReportV2.TC_01_Register(java.lang.reflect.Method)]]>
              </value>
            </param>
          </params>
          <exception class="java.lang.AssertionError">
            <message>
              <![CDATA[expected [Your registration completed.] but found [Your registration completed]]]>
            </message>
            <full-stacktrace>
              <![CDATA[java.lang.AssertionError: expected [Your registration completed.] but found [Your registration completed]
at org.testng.Assert.fail(Assert.java:96)
at org.testng.Assert.failNotEquals(Assert.java:776)
at org.testng.Assert.assertEqualsImpl(Assert.java:137)
at org.testng.Assert.assertEquals(Assert.java:118)
at org.testng.Assert.assertEquals(Assert.java:453)
at org.testng.Assert.assertEquals(Assert.java:463)
at takeScreenshot.Level_16_Register_Login_Screenshot_ExtentReportV2.TC_01_Register(Level_16_Register_Login_Screenshot_ExtentReportV2.java:82)
at java.base/jdk.internal.reflect.NativeMethodAccessorImpl.invoke0(Native Method)
at java.base/jdk.internal.reflect.NativeMethodAccessorImpl.invoke(NativeMethodAccessorImpl.java:64)
at java.base/jdk.internal.reflect.DelegatingMethodAccessorImpl.invoke(DelegatingMethodAccessorImpl.java:43)
at java.base/java.lang.reflect.Method.invoke(Method.java:564)
at org.testng.internal.MethodInvocationHelper.invokeMethod(MethodInvocationHelper.java:124)
at org.testng.internal.Invoker.invokeMethod(Invoker.java:583)
at org.testng.internal.Invoker.invokeTestMethod(Invoker.java:719)
at org.testng.internal.Invoker.invokeTestMethods(Invoker.java:989)
at org.testng.internal.TestMethodWorker.invokeTestMethods(TestMethodWorker.java:125)
at org.testng.internal.TestMethodWorker.run(TestMethodWorker.java:109)
at org.testng.TestRunner.privateRun(TestRunner.java:648)
at org.testng.TestRunner.run(TestRunner.java:505)
at org.testng.SuiteRunner.runTest(SuiteRunner.java:455)
at org.testng.SuiteRunner.access$000(SuiteRunner.java:40)
at org.testng.SuiteRunner$SuiteWorker.run(SuiteRunner.java:489)
at org.testng.internal.thread.ThreadUtil$1.call(ThreadUtil.java:52)
at java.base/java.util.concurrent.FutureTask.run(FutureTask.java:264)
at java.base/java.util.concurrent.ThreadPoolExecutor.runWorker(ThreadPoolExecutor.java:1130)
at java.base/java.util.concurrent.ThreadPoolExecutor$Worker.run(ThreadPoolExecutor.java:630)
at java.base/java.lang.Thread.run(Thread.java:832)
]]>
            </full-stacktrace>
          </exception> <!-- java.lang.AssertionError -->
          <reporter-output>
            <line>
              <![CDATA[<br><a target="_blank" href="file:///F:\ThyTTN\Selenium\03_Java Hybrid Framework\hybrid-pom-notcommerce\ReportNGScreenShots\TC_01_Register_16_08_2021_07_33_40.png"><img src="file:///F:\ThyTTN\Selenium\03_Java Hybrid Framework\hybrid-pom-notcommerce\ReportNGScreenShots\TC_01_Register_16_08_2021_07_33_40.png" height='100' width='150'/> </a></br>]]>
            </line>
          </reporter-output>
        </test-method> <!-- TC_01_Register -->
        <test-method signature="TC_02_Login(java.lang.reflect.Method)[pri:0, instance:takeScreenshot.Level_16_Register_Login_Screenshot_ExtentReportV2@16b2bb0c]" started-at="2021-08-16T00:33:40Z" name="TC_02_Login" finished-at="2021-08-16T00:33:50Z" duration-ms="9974" status="PASS">
          <params>
            <param index="0">
              <value>
                <![CDATA[public void takeScreenshot.Level_16_Register_Login_Screenshot_ExtentReportV2.TC_02_Login(java.lang.reflect.Method)]]>
              </value>
            </param>
          </params>
          <reporter-output>
          </reporter-output>
        </test-method> <!-- TC_02_Login -->
        <test-method signature="TC_03_MyAccount()[pri:0, instance:takeScreenshot.Level_16_Register_Login_Screenshot_ExtentReportV2@16b2bb0c]" started-at="2021-08-16T00:33:50Z" name="TC_03_MyAccount" finished-at="2021-08-16T00:33:51Z" duration-ms="1525" status="PASS">
          <reporter-output>
          </reporter-output>
        </test-method> <!-- TC_03_MyAccount -->
        <test-method is-config="true" signature="afterTest()[pri:0, instance:takeScreenshot.Level_16_Register_Login_Screenshot_ExtentReportV2@16b2bb0c]" started-at="2021-08-16T00:33:51Z" name="afterTest" finished-at="2021-08-16T00:33:53Z" duration-ms="1614" status="PASS">
          <reporter-output>
          </reporter-output>
        </test-method> <!-- afterTest -->
      </class> <!-- takeScreenshot.Level_16_Register_Login_Screenshot_ExtentReportV2 -->
    </test> <!-- run on firefox -->
  </suite> <!-- User NopCommerce -->
</testng-results>
