<?xml version="1.0" encoding="UTF-8"?>
<!-- Generated by org.testng.reporters.JUnitXMLReporter -->
<testsuite hostname="NGOC-THY-PC" name="run on firefox" tests="13" failures="1" timestamp="3 Dec 2021 00:57:39 GMT" time="196.261" errors="0">
  <testcase name="Employee_01_Add_New_Employee" time="51.271" classname="com.hrm.employee.Level_19_Live_Coding">
    <skipped/>
  </testcase> <!-- Employee_01_Add_New_Employee -->
  <testcase name="Employee_01_Add_New_Employee" time="47.816" classname="com.hrm.employee.Level_19_Live_Coding">
    <skipped/>
  </testcase> <!-- Employee_01_Add_New_Employee -->
  <testcase name="Employee_01_Add_New_Employee" time="32.152" classname="com.hrm.employee.Level_19_Live_Coding">
    <failure type="org.openqa.selenium.TimeoutException" message="Expected condition failed: waiting for visibility of element located by By.xpath: //input[@id=&amp;apos;user_name&amp;apos;] (tried for 20 second(s) with 500 milliseconds interval)
Build info: version: &amp;apos;3.141.59&amp;apos;, revision: &amp;apos;e82be7d358&amp;apos;, time: &amp;apos;2018-11-14T08:25:53&amp;apos;
System info: host: &amp;apos;NGOC-THY-PC&amp;apos;, ip: &amp;apos;192.168.1.18&amp;apos;, os.name: &amp;apos;Windows 7&amp;apos;, os.arch: &amp;apos;amd64&amp;apos;, os.version: &amp;apos;6.1&amp;apos;, java.version: &amp;apos;1.8.0_60&amp;apos;
Driver info: org.openqa.selenium.firefox.FirefoxDriver
Capabilities {acceptInsecureCerts: true, browserName: firefox, browserVersion: 88.0.1, javascriptEnabled: true, moz:accessibilityChecks: false, moz:buildID: 20210504152106, moz:geckodriverVersion: 0.29.0, moz:headless: false, moz:processID: 2908, moz:profile: C:\Users\NGOC-THY\AppData\L..., moz:shutdownTimeout: 60000, moz:useNonSpecCompliantPointerOrigin: false, moz:webdriverClick: true, pageLoadStrategy: normal, platform: WINDOWS, platformName: WINDOWS, platformVersion: 6.1, rotatable: false, setWindowRect: true, strictFileInteractability: false, timeouts: {implicit: 0, pageLoad: 300000, script: 30000}, unhandledPromptBehavior: dismiss and notify}
Session ID: dc31a000-beef-44f5-bf15-e60523b5462a">
      <![CDATA[org.openqa.selenium.TimeoutException: Expected condition failed: waiting for visibility of element located by By.xpath: //input[@id='user_name'] (tried for 20 second(s) with 500 milliseconds interval)
Build info: version: '3.141.59', revision: 'e82be7d358', time: '2018-11-14T08:25:53'
System info: host: 'NGOC-THY-PC', ip: '192.168.1.18', os.name: 'Windows 7', os.arch: 'amd64', os.version: '6.1', java.version: '1.8.0_60'
Driver info: org.openqa.selenium.firefox.FirefoxDriver
Capabilities {acceptInsecureCerts: true, browserName: firefox, browserVersion: 88.0.1, javascriptEnabled: true, moz:accessibilityChecks: false, moz:buildID: 20210504152106, moz:geckodriverVersion: 0.29.0, moz:headless: false, moz:processID: 2908, moz:profile: C:\Users\NGOC-THY\AppData\L..., moz:shutdownTimeout: 60000, moz:useNonSpecCompliantPointerOrigin: false, moz:webdriverClick: true, pageLoadStrategy: normal, platform: WINDOWS, platformName: WINDOWS, platformVersion: 6.1, rotatable: false, setWindowRect: true, strictFileInteractability: false, timeouts: {implicit: 0, pageLoad: 300000, script: 30000}, unhandledPromptBehavior: dismiss and notify}
Session ID: dc31a000-beef-44f5-bf15-e60523b5462a
	at org.openqa.selenium.support.ui.WebDriverWait.timeoutException(WebDriverWait.java:95)
	at org.openqa.selenium.support.ui.FluentWait.until(FluentWait.java:272)
	at commons.BasePage.waitForElementVisible(BasePage.java:457)
	at commons.BasePage.enterToTextboxById(BasePage.java:564)
	at com.hrm.employee.Level_19_Live_Coding.Employee_01_Add_New_Employee(Level_19_Live_Coding.java:107)
	at java.util.concurrent.FutureTask.run(FutureTask.java:266)
	at java.util.concurrent.ThreadPoolExecutor.runWorker(ThreadPoolExecutor.java:1142)
	at java.util.concurrent.ThreadPoolExecutor$Worker.run(ThreadPoolExecutor.java:617)
	at java.lang.Thread.run(Thread.java:745)
... Removed 16 stack frames]]>
    </failure>
  </testcase> <!-- Employee_01_Add_New_Employee -->
  <testcase name="Employee_02_Upload_Avatar" time="11.874" classname="com.hrm.employee.Level_19_Live_Coding"/>
  <testcase name="Employee_03_Personal_Details" time="19.502" classname="com.hrm.employee.Level_19_Live_Coding"/>
  <testcase name="Employee_04_Contact_Details" time="0.007" classname="com.hrm.employee.Level_19_Live_Coding"/>
  <testcase name="Employee_05_Emergency_Details" time="0.006" classname="com.hrm.employee.Level_19_Live_Coding"/>
  <testcase name="Employee_06_Assigned_Dependent" time="0.005" classname="com.hrm.employee.Level_19_Live_Coding"/>
  <testcase name="Employee_07_Edit_View_Job" time="0.016" classname="com.hrm.employee.Level_19_Live_Coding"/>
  <testcase name="Employee_08_Edit_View_Salary" time="0.007" classname="com.hrm.employee.Level_19_Live_Coding"/>
  <testcase name="Employee_09_Edit_View_Tax" time="0.018" classname="com.hrm.employee.Level_19_Live_Coding"/>
  <testcase name="Employee_10_Qualification" time="0.014" classname="com.hrm.employee.Level_19_Live_Coding"/>
  <testcase name="Employee_11_Search_Employee" time="0.017" classname="com.hrm.employee.Level_19_Live_Coding"/>
</testsuite> <!-- run on firefox -->
